#
# There is insufficient memory for the Java Runtime Environment to continue.
# Native memory allocation (malloc) failed to allocate 1048576 bytes for AllocateHeap
# Possible reasons:
#   The system is out of physical RAM or swap space
#   In 32 bit mode, the process size limit was hit
# Possible solutions:
#   Reduce memory load on the system
#   Increase physical memory or swap space
#   Check if swap backing store is full
#   Use 64 bit Java on a 64 bit OS
#   Decrease Java heap size (-Xmx/-Xms)
#   Decrease number of Java threads
#   Decrease Java thread stack sizes (-Xss)
#   Set larger code cache with -XX:ReservedCodeCacheSize=
# This output file may be truncated or incomplete.
#
#  Out of Memory Error (memory/allocation.inline.hpp:61), pid=7500, tid=0x00000000000010ac
#
# JRE version:  (8.0_121-b13) (build )
# Java VM: Java HotSpot(TM) 64-Bit Server VM (25.121-b13 mixed mode windows-amd64 compressed oops)
# Failed to write core dump. Minidumps are not enabled by default on client versions of Windows
#

---------------  T H R E A D  ---------------

Current thread (0x0000000002e90800):  JavaThread "Unknown thread" [_thread_in_vm, id=4268, stack(0x0000000002d20000,0x0000000002e20000)]

Stack: [0x0000000002d20000,0x0000000002e20000]
[error occurred during error reporting (printing stack bounds), id 0xc0000005]

Native frames: (J=compiled Java code, j=interpreted, Vv=VM code, C=native code)


---------------  P R O C E S S  ---------------

Java Threads: ( => current thread )

Other Threads:

=>0x0000000002e90800 (exited) JavaThread "Unknown thread" [_thread_in_vm, id=4268, stack(0x0000000002d20000,0x0000000002e20000)]

VM state:not at safepoint (normal execution)

VM Mutex/Monitor currently owned by a thread: None

Heap:
 PSYoungGen      total 76288K, used 1310K [0x000000076b180000, 0x0000000770680000, 0x00000007c0000000)
  eden space 65536K, 2% used [0x000000076b180000,0x000000076b2c7af0,0x000000076f180000)
  from space 10752K, 0% used [0x000000076fc00000,0x000000076fc00000,0x0000000770680000)
  to   space 10752K, 0% used [0x000000076f180000,0x000000076f180000,0x000000076fc00000)
 ParOldGen       total 175104K, used 0K [0x00000006c1400000, 0x00000006cbf00000, 0x000000076b180000)
  object space 175104K, 0% used [0x00000006c1400000,0x00000006c1400000,0x00000006cbf00000)
 Metaspace       used 746K, capacity 4480K, committed 4480K, reserved 1056768K
  class space    used 75K, capacity 384K, committed 384K, reserved 1048576K

Card table byte_map: [0x0000000012350000,0x0000000012b50000] byte_map_base: 0x000000000ed46000

Marking Bits: (ParMarkBitMap*) 0x000000005ef5b6d0
 Begin Bits: [0x00000000138a0000, 0x0000000017850000)
 End Bits:   [0x0000000017850000, 0x000000001b800000)

Polling page: 0x0000000001480000

CodeCache: size=245760Kb used=328Kb max_used=328Kb free=245431Kb
 bounds [0x0000000002f90000, 0x0000000003200000, 0x0000000011f90000]
 total_blobs=58 nmethods=0 adapters=38
 compilation: enabled

Compilation events (0 events):
No events

GC Heap History (0 events):
No events

Deoptimization events (0 events):
No events

Internal exceptions (0 events):
No events

Events (10 events):
Event: 0.124 loading class java/lang/Short
Event: 0.124 loading class java/lang/Short done
Event: 0.124 loading class java/lang/Integer
Event: 0.124 loading class java/lang/Integer done
Event: 0.124 loading class java/lang/Long
Event: 0.125 loading class java/lang/Long done
Event: 0.125 loading class java/lang/NullPointerException
Event: 0.125 loading class java/lang/NullPointerException done
Event: 0.125 loading class java/lang/ArithmeticException
Event: 0.125 loading class java/lang/ArithmeticException done


Dynamic libraries:
0x00007ff6a5310000 - 0x00007ff6a5347000 	C:\Program Files\Java\jre1.8.0_121\bin\javaw.exe
0x00007ffea49f0000 - 0x00007ffea4bc1000 	C:\Windows\SYSTEM32\ntdll.dll
0x00007ffea25d0000 - 0x00007ffea267b000 	C:\Windows\System32\KERNEL32.DLL
0x00007ffe98a40000 - 0x00007ffe98a73000 	C:\Program Files\AVAST Software\Avast\x64\aswhooka.dll
0x00007ffea1d60000 - 0x00007ffea1f7d000 	C:\Windows\System32\KERNELBASE.dll
0x00007ffea2d90000 - 0x00007ffea2e32000 	C:\Windows\System32\ADVAPI32.dll
0x00007ffea2720000 - 0x00007ffea27be000 	C:\Windows\System32\msvcrt.dll
0x00007ffea2570000 - 0x00007ffea25c9000 	C:\Windows\System32\sechost.dll
0x00007ffea2440000 - 0x00007ffea2561000 	C:\Windows\System32\RPCRT4.dll
0x00007ffea4810000 - 0x00007ffea4975000 	C:\Windows\System32\USER32.dll
0x00007ffea1210000 - 0x00007ffea122e000 	C:\Windows\System32\win32u.dll
0x00007ffea23d0000 - 0x00007ffea2404000 	C:\Windows\System32\GDI32.dll
0x00007ffea0ee0000 - 0x00007ffea1062000 	C:\Windows\System32\gdi32full.dll
0x00007ffe97810000 - 0x00007ffe97a8a000 	C:\Windows\WinSxS\amd64_microsoft.windows.common-controls_6595b64144ccf1df_6.0.14393.953_none_42151e83c686086b\COMCTL32.dll
0x00007ffea1fe0000 - 0x00007ffea22a8000 	C:\Windows\System32\combase.dll
0x00007ffea1230000 - 0x00007ffea1325000 	C:\Windows\System32\ucrtbase.dll
0x00007ffea13e0000 - 0x00007ffea144a000 	C:\Windows\System32\bcryptPrimitives.dll
0x00007ffea2410000 - 0x00007ffea243e000 	C:\Windows\System32\IMM32.DLL
0x000000005e5a0000 - 0x000000005e672000 	C:\Program Files\Java\jre1.8.0_121\bin\msvcr100.dll
0x000000005e740000 - 0x000000005efdb000 	C:\Program Files\Java\jre1.8.0_121\bin\server\jvm.dll
0x00007ffea23c0000 - 0x00007ffea23c8000 	C:\Windows\System32\PSAPI.DLL
0x00007ffe9f270000 - 0x00007ffe9f279000 	C:\Windows\SYSTEM32\WSOCK32.dll
0x00007ffea2e40000 - 0x00007ffea2eaa000 	C:\Windows\System32\WS2_32.dll
0x00007ffe9f1d0000 - 0x00007ffe9f1f3000 	C:\Windows\SYSTEM32\WINMM.dll
0x00007ffe9c7f0000 - 0x00007ffe9c7fa000 	C:\Windows\SYSTEM32\VERSION.dll
0x00007ffe9f170000 - 0x00007ffe9f19b000 	C:\Windows\SYSTEM32\WINMMBASE.dll
0x00007ffea1070000 - 0x00007ffea10b2000 	C:\Windows\System32\cfgmgr32.dll
0x0000000060620000 - 0x000000006062f000 	C:\Program Files\Java\jre1.8.0_121\bin\verify.dll
0x000000005e710000 - 0x000000005e739000 	C:\Program Files\Java\jre1.8.0_121\bin\java.dll
0x000000005e6f0000 - 0x000000005e706000 	C:\Program Files\Java\jre1.8.0_121\bin\zip.dll

VM Arguments:
jvm_args: -Dfile.encoding=UTF-8 
java_command: HistogramLetters
java_class_path (initial): C:\Users\Chris\workspace\CSc 221 - Exercise 2\bin
Launcher Type: SUN_STANDARD

Environment Variables:
PATH=C:/Program Files/Java/jre1.8.0_121/bin/server;C:/Program Files/Java/jre1.8.0_121/bin;C:/Program Files/Java/jre1.8.0_121/lib/amd64;C:\Program Files (x86)\NVIDIA Corporation\PhysX\Common;C:\ProgramData\Oracle\Java\javapath;C:\Windows\system32;C:\Windows;C:\Windows\System32\Wbem;C:\Windows\System32\WindowsPowerShell\v1.0\;C:\Program Files (x86)\Brackets\command;C:\Program Files (x86)\Skype\Phone\;C:\Program Files\Git\cmd;C:\Users\Chris\AppData\Local\Programs\Python\Python36-32\Scripts\;C:\Users\Chris\AppData\Local\Programs\Python\Python36-32\;C:\Users\Chris\AppData\Local\Microsoft\WindowsApps;;C:\Windows\System32;
USERNAME=Chris
OS=Windows_NT
PROCESSOR_IDENTIFIER=Intel64 Family 6 Model 94 Stepping 3, GenuineIntel



---------------  S Y S T E M  ---------------

OS: Windows 10.0 , 64 bit Build 14393 (10.0.14393.0)

CPU:total 8 (4 cores per cpu, 2 threads per core) family 6 model 94 stepping 3, cmov, cx8, fxsr, mmx, sse, sse2, sse3, ssse3, sse4.1, sse4.2, popcnt, avx, avx2, aes, clmul, erms, rtm, 3dnowpref, lzcnt, ht, tsc, tscinvbit, bmi1, bmi2, adx

Memory: 4k page, physical 16690156k(4905308k free), swap 47142376k(5340k free)

vm_info: Java HotSpot(TM) 64-Bit Server VM (25.121-b13) for windows-amd64 JRE (1.8.0_121-b13), built on Dec 12 2016 18:21:36 by "java_re" with MS VC++ 10.0 (VS2010)

time: Wed Mar 29 10:11:23 2017
elapsed time: 0 seconds (0d 0h 0m 0s)

